# JRE version: OpenJDK Runtime Environment (17.0.6) (build 17.0.6+0-b2043.56-9586694)
# Java VM: OpenJDK 64-Bit Server VM (17.0.6+0-b2043.56-9586694, mixed mode, tiered, compressed oops, compressed class ptrs, g1 gc, windows-amd64)
GC Precious Log:
 CPUs: 8 total, 8 available
 Memory: 8029M
 Large Page Support: Disabled
 NUMA Support: Disabled
 Compressed Oops: Enabled (32-bit)
 Heap Region Size: 1M
 Heap Min Capacity: 8M
 Heap Initial Capacity: 126M
 Heap Max Capacity: 2G
 Pre-touch: Disabled
 Parallel Workers: 8
 Concurrent Workers: 2
 Concurrent Refinement Workers: 8
 Periodic GC: Disabled
Heap:
 garbage-first heap   total 166912K, used 88244K [0x0000000080000000, 0x0000000100000000)
  region size 1024K, 7 young (7168K), 7 survivors (7168K)
 Metaspace       used 89321K, committed 89920K, reserved 1130496K
  class space    used 12108K, committed 12352K, reserved 1048576K
GC Heap History (20 events):
Event: 7.661 GC heap after
{Heap after GC invocations=18 (full 0):
 garbage-first heap   total 86016K, used 47876K [0x0000000080000000, 0x0000000100000000)
  region size 1024K, 1 young (1024K), 1 survivors (1024K)
 Metaspace       used 62201K, committed 62720K, reserved 1105920K
  class space    used 8212K, committed 8448K, reserved 1048576K
}
Event: 7.770 GC heap before
{Heap before GC invocations=18 (full 0):
 garbage-first heap   total 86016K, used 52996K [0x0000000080000000, 0x0000000100000000)
  region size 1024K, 7 young (7168K), 1 survivors (1024K)
 Metaspace       used 63663K, committed 64256K, reserved 1105920K
  class space    used 8377K, committed 8640K, reserved 1048576K
}
Event: 7.772 GC heap after
{Heap after GC invocations=19 (full 0):
 garbage-first heap   total 86016K, used 48908K [0x0000000080000000, 0x0000000100000000)
  region size 1024K, 2 young (2048K), 2 survivors (2048K)
 Metaspace       used 63663K, committed 64256K, reserved 1105920K
  class space    used 8377K, committed 8640K, reserved 1048576K
}
Event: 8.016 GC heap before
{Heap before GC invocations=20 (full 0):
 garbage-first heap   total 106496K, used 75532K [0x0000000080000000, 0x0000000100000000)
  region size 1024K, 22 young (22528K), 2 survivors (2048K)
 Metaspace       used 64829K, committed 65344K, reserved 1105920K
  class space    used 8525K, committed 8768K, reserved 1048576K
}
Event: 8.020 GC heap after
{Heap after GC invocations=21 (full 0):
 garbage-first heap   total 106496K, used 51212K [0x0000000080000000, 0x0000000100000000)
  region size 1024K, 3 young (3072K), 3 survivors (3072K)
 Metaspace       used 64829K, committed 65344K, reserved 1105920K
  class space    used 8525K, committed 8768K, reserved 1048576K
}
Event: 8.050 GC heap before
{Heap before GC invocations=21 (full 0):
 garbage-first heap   total 106496K, used 53260K [0x0000000080000000, 0x0000000100000000)
  region size 1024K, 5 young (5120K), 3 survivors (3072K)
 Metaspace       used 65088K, committed 65600K, reserved 1114112K
  class space    used 8554K, committed 8768K, reserved 1048576K
}
Event: 8.054 GC heap after
{Heap after GC invocations=22 (full 0):
 garbage-first heap   total 166912K, used 51276K [0x0000000080000000, 0x0000000100000000)
  region size 1024K, 1 young (1024K), 1 survivors (1024K)
 Metaspace       used 65088K, committed 65600K, reserved 1114112K
  class space    used 8554K, committed 8768K, reserved 1048576K
}
Event: 8.750 GC heap before
{Heap before GC invocations=22 (full 0):
 garbage-first heap   total 166912K, used 108620K [0x0000000080000000, 0x0000000100000000)
  region size 1024K, 56 young (57344K), 1 survivors (1024K)
 Metaspace       used 68798K, committed 69440K, reserved 1114112K
  class space    used 9051K, committed 9344K, reserved 1048576K
}
Event: 8.757 GC heap after
{Heap after GC invocations=23 (full 0):
 garbage-first heap   total 166912K, used 55887K [0x0000000080000000, 0x0000000100000000)
  region size 1024K, 5 young (5120K), 5 survivors (5120K)
 Metaspace       used 68798K, committed 69440K, reserved 1114112K
  class space    used 9051K, committed 9344K, reserved 1048576K
}
Event: 9.579 GC heap before
{Heap before GC invocations=23 (full 0):
 garbage-first heap   total 166912K, used 119375K [0x0000000080000000, 0x0000000100000000)
  region size 1024K, 67 young (68608K), 5 survivors (5120K)
 Metaspace       used 74014K, committed 74624K, reserved 1114112K
  class space    used 9968K, committed 10240K, reserved 1048576K
}
Event: 9.587 GC heap after
{Heap after GC invocations=24 (full 0):
 garbage-first heap   total 166912K, used 59883K [0x0000000080000000, 0x0000000100000000)
  region size 1024K, 5 young (5120K), 5 survivors (5120K)
 Metaspace       used 74014K, committed 74624K, reserved 1114112K
  class space    used 9968K, committed 10240K, reserved 1048576K
}
Event: 10.280 GC heap before
{Heap before GC invocations=24 (full 0):
 garbage-first heap   total 166912K, used 124395K [0x0000000080000000, 0x0000000100000000)
  region size 1024K, 68 young (69632K), 5 survivors (5120K)
 Metaspace       used 77290K, committed 77824K, reserved 1122304K
  class space    used 10440K, committed 10688K, reserved 1048576K
}
Event: 10.290 GC heap after
{Heap after GC invocations=25 (full 0):
 garbage-first heap   total 166912K, used 65540K [0x0000000080000000, 0x0000000100000000)
  region size 1024K, 9 young (9216K), 9 survivors (9216K)
 Metaspace       used 77290K, committed 77824K, reserved 1122304K
  class space    used 10440K, committed 10688K, reserved 1048576K
}
Event: 11.230 GC heap before
{Heap before GC invocations=25 (full 0):
 garbage-first heap   total 166912K, used 126980K [0x0000000080000000, 0x0000000100000000)
  region size 1024K, 69 young (70656K), 9 survivors (9216K)
 Metaspace       used 83555K, committed 84224K, reserved 1122304K
  class space    used 11357K, committed 11648K, reserved 1048576K
}
Event: 11.240 GC heap after
{Heap after GC invocations=26 (full 0):
 garbage-first heap   total 166912K, used 71159K [0x0000000080000000, 0x0000000100000000)
  region size 1024K, 6 young (6144K), 6 survivors (6144K)
 Metaspace       used 83555K, committed 84224K, reserved 1122304K
  class space    used 11357K, committed 11648K, reserved 1048576K
}
Event: 12.086 GC heap before
{Heap before GC invocations=26 (full 0):
 garbage-first heap   total 166912K, used 129527K [0x0000000080000000, 0x0000000100000000)
  region size 1024K, 63 young (64512K), 6 survivors (6144K)
 Metaspace       used 86618K, committed 87232K, reserved 1130496K
  class space    used 11776K, committed 12032K, reserved 1048576K
}
Event: 12.102 GC heap after
{Heap after GC invocations=27 (full 0):
 garbage-first heap   total 166912K, used 80434K [0x0000000080000000, 0x0000000100000000)
  region size 1024K, 8 young (8192K), 8 survivors (8192K)
 Metaspace       used 86618K, committed 87232K, reserved 1130496K
  class space    used 11776K, committed 12032K, reserved 1048576K
}
Event: 13.010 GC heap before
{Heap before GC invocations=27 (full 0):
 garbage-first heap   total 166912K, used 128562K [0x0000000080000000, 0x0000000100000000)
  region size 1024K, 56 young (57344K), 8 survivors (8192K)
 Metaspace       used 87874K, committed 88512K, reserved 1130496K
  class space    used 11940K, committed 12224K, reserved 1048576K
}
Event: 13.023 GC heap after
{Heap after GC invocations=28 (full 0):
 garbage-first heap   total 166912K, used 85190K [0x0000000080000000, 0x0000000100000000)
  region size 1024K, 4 young (4096K), 4 survivors (4096K)
 Metaspace       used 87874K, committed 88512K, reserved 1130496K
  class space    used 11940K, committed 12224K, reserved 1048576K
}
Event: 13.898 GC heap before
{Heap before GC invocations=28 (full 0):
 garbage-first heap   total 166912K, used 131270K [0x0000000080000000, 0x0000000100000000)
  region size 1024K, 50 young (51200K), 4 survivors (4096K)
 Metaspace       used 89321K, committed 89920K, reserved 1130496K
  class space    used 12108K, committed 12352K, reserved 1048576K
}

