# JRE version: OpenJDK Runtime Environment (17.0.6) (build 17.0.6+0-b2043.56-9586694)
# Java VM: OpenJDK 64-Bit Server VM (17.0.6+0-b2043.56-9586694, mixed mode, tiered, compressed oops, compressed class ptrs, g1 gc, windows-amd64)
GC Precious Log:
 CPUs: 8 total, 8 available
 Memory: 8029M
 Large Page Support: Disabled
 NUMA Support: Disabled
 Compressed Oops: Enabled (32-bit)
 Heap Region Size: 1M
 Heap Min Capacity: 8M
 Heap Initial Capacity: 126M
 Heap Max Capacity: 2G
 Pre-touch: Disabled
 Parallel Workers: 8
 Concurrent Workers: 2
 Concurrent Refinement Workers: 8
 Periodic GC: Disabled
Heap:
 garbage-first heap   total 260096K, used 212302K [0x0000000080000000, 0x0000000100000000)
  region size 1024K, 96 young (98304K), 3 survivors (3072K)
 Metaspace       used 114024K, committed 114816K, reserved 1155072K
  class space    used 15070K, committed 15424K, reserved 1048576K
GC Heap History (20 events):
Event: 14.266 GC heap before
{Heap before GC invocations=32 (full 0):
 garbage-first heap   total 216064K, used 161499K [0x0000000080000000, 0x0000000100000000)
  region size 1024K, 102 young (104448K), 7 survivors (7168K)
 Metaspace       used 88896K, committed 89536K, reserved 1130496K
  class space    used 12047K, committed 12352K, reserved 1048576K
}
Event: 14.279 GC heap after
{Heap after GC invocations=33 (full 0):
 garbage-first heap   total 216064K, used 72223K [0x0000000080000000, 0x0000000100000000)
  region size 1024K, 13 young (13312K), 13 survivors (13312K)
 Metaspace       used 88896K, committed 89536K, reserved 1130496K
  class space    used 12047K, committed 12352K, reserved 1048576K
}
Event: 15.247 GC heap before
{Heap before GC invocations=33 (full 0):
 garbage-first heap   total 216064K, used 163359K [0x0000000080000000, 0x0000000100000000)
  region size 1024K, 103 young (105472K), 13 survivors (13312K)
 Metaspace       used 93084K, committed 93824K, reserved 1130496K
  class space    used 12667K, committed 12992K, reserved 1048576K
}
Event: 15.267 GC heap after
{Heap after GC invocations=34 (full 0):
 garbage-first heap   total 216064K, used 85290K [0x0000000080000000, 0x0000000100000000)
  region size 1024K, 13 young (13312K), 13 survivors (13312K)
 Metaspace       used 93084K, committed 93824K, reserved 1130496K
  class space    used 12667K, committed 12992K, reserved 1048576K
}
Event: 16.257 GC heap before
{Heap before GC invocations=34 (full 0):
 garbage-first heap   total 216064K, used 165162K [0x0000000080000000, 0x0000000100000000)
  region size 1024K, 92 young (94208K), 13 survivors (13312K)
 Metaspace       used 96033K, committed 96704K, reserved 1138688K
  class space    used 12991K, committed 13312K, reserved 1048576K
}
Event: 16.269 GC heap after
{Heap after GC invocations=35 (full 0):
 garbage-first heap   total 216064K, used 91136K [0x0000000080000000, 0x0000000100000000)
  region size 1024K, 6 young (6144K), 6 survivors (6144K)
 Metaspace       used 96033K, committed 96704K, reserved 1138688K
  class space    used 12991K, committed 13312K, reserved 1048576K
}
Event: 17.318 GC heap before
{Heap before GC invocations=35 (full 0):
 garbage-first heap   total 216064K, used 169984K [0x0000000080000000, 0x0000000100000000)
  region size 1024K, 84 young (86016K), 6 survivors (6144K)
 Metaspace       used 101511K, committed 102272K, reserved 1138688K
  class space    used 13742K, committed 14080K, reserved 1048576K
}
Event: 17.328 GC heap after
{Heap after GC invocations=36 (full 0):
 garbage-first heap   total 216064K, used 95900K [0x0000000080000000, 0x0000000100000000)
  region size 1024K, 11 young (11264K), 11 survivors (11264K)
 Metaspace       used 101511K, committed 102272K, reserved 1138688K
  class space    used 13742K, committed 14080K, reserved 1048576K
}
Event: 20.399 GC heap before
{Heap before GC invocations=36 (full 0):
 garbage-first heap   total 216064K, used 171676K [0x0000000080000000, 0x0000000100000000)
  region size 1024K, 86 young (88064K), 11 survivors (11264K)
 Metaspace       used 103255K, committed 104000K, reserved 1138688K
  class space    used 13948K, committed 14272K, reserved 1048576K
}
Event: 20.412 GC heap after
{Heap after GC invocations=37 (full 0):
 garbage-first heap   total 216064K, used 102487K [0x0000000080000000, 0x0000000100000000)
  region size 1024K, 7 young (7168K), 7 survivors (7168K)
 Metaspace       used 103255K, committed 104000K, reserved 1138688K
  class space    used 13948K, committed 14272K, reserved 1048576K
}
Event: 21.140 GC heap before
{Heap before GC invocations=37 (full 0):
 garbage-first heap   total 216064K, used 178263K [0x0000000080000000, 0x0000000100000000)
  region size 1024K, 60 young (61440K), 7 survivors (7168K)
 Metaspace       used 105316K, committed 106112K, reserved 1146880K
  class space    used 14215K, committed 14592K, reserved 1048576K
}
Event: 21.161 GC heap after
{Heap after GC invocations=38 (full 0):
 garbage-first heap   total 216064K, used 121082K [0x0000000080000000, 0x0000000100000000)
  region size 1024K, 4 young (4096K), 4 survivors (4096K)
 Metaspace       used 105316K, committed 106112K, reserved 1146880K
  class space    used 14215K, committed 14592K, reserved 1048576K
}
Event: 51.826 GC heap before
{Heap before GC invocations=38 (full 0):
 garbage-first heap   total 216064K, used 178426K [0x0000000080000000, 0x0000000100000000)
  region size 1024K, 59 young (60416K), 4 survivors (4096K)
 Metaspace       used 110016K, committed 110784K, reserved 1146880K
  class space    used 14639K, committed 14976K, reserved 1048576K
}
Event: 51.835 GC heap after
{Heap after GC invocations=39 (full 0):
 garbage-first heap   total 216064K, used 108676K [0x0000000080000000, 0x0000000100000000)
  region size 1024K, 8 young (8192K), 8 survivors (8192K)
 Metaspace       used 110016K, committed 110784K, reserved 1146880K
  class space    used 14639K, committed 14976K, reserved 1048576K
}
Event: 52.764 GC heap before
{Heap before GC invocations=39 (full 0):
 garbage-first heap   total 216064K, used 173188K [0x0000000080000000, 0x0000000100000000)
  region size 1024K, 72 young (73728K), 8 survivors (8192K)
 Metaspace       used 111525K, committed 112320K, reserved 1146880K
  class space    used 14796K, committed 15168K, reserved 1048576K
}
Event: 52.776 GC heap after
{Heap after GC invocations=40 (full 0):
 garbage-first heap   total 216064K, used 114537K [0x0000000080000000, 0x0000000100000000)
  region size 1024K, 7 young (7168K), 7 survivors (7168K)
 Metaspace       used 111525K, committed 112320K, reserved 1146880K
  class space    used 14796K, committed 15168K, reserved 1048576K
}
Event: 53.059 GC heap before
{Heap before GC invocations=40 (full 0):
 garbage-first heap   total 216064K, used 174953K [0x0000000080000000, 0x0000000100000000)
  region size 1024K, 66 young (67584K), 7 survivors (7168K)
 Metaspace       used 112432K, committed 113216K, reserved 1155072K
  class space    used 14869K, committed 15232K, reserved 1048576K
}
Event: 53.068 GC heap after
{Heap after GC invocations=41 (full 0):
 garbage-first heap   total 216064K, used 117025K [0x0000000080000000, 0x0000000100000000)
  region size 1024K, 3 young (3072K), 3 survivors (3072K)
 Metaspace       used 112432K, committed 113216K, reserved 1155072K
  class space    used 14869K, committed 15232K, reserved 1048576K
}
Event: 53.474 GC heap before
{Heap before GC invocations=41 (full 0):
 garbage-first heap   total 216064K, used 176417K [0x0000000080000000, 0x0000000100000000)
  region size 1024K, 62 young (63488K), 3 survivors (3072K)
 Metaspace       used 113252K, committed 114112K, reserved 1155072K
  class space    used 14975K, committed 15360K, reserved 1048576K
}
Event: 53.479 GC heap after
{Heap after GC invocations=42 (full 0):
 garbage-first heap   total 260096K, used 117070K [0x0000000080000000, 0x0000000100000000)
  region size 1024K, 3 young (3072K), 3 survivors (3072K)
 Metaspace       used 113252K, committed 114112K, reserved 1155072K
  class space    used 14975K, committed 15360K, reserved 1048576K
}

