# JRE version: OpenJDK Runtime Environment (17.0.6) (build 17.0.6+0-b2043.56-9586694)
# Java VM: OpenJDK 64-Bit Server VM (17.0.6+0-b2043.56-9586694, mixed mode, tiered, compressed oops, compressed class ptrs, g1 gc, windows-amd64)
GC Precious Log:
 CPUs: 8 total, 8 available
 Memory: 8029M
 Large Page Support: Disabled
 NUMA Support: Disabled
 Compressed Oops: Enabled (32-bit)
 Heap Region Size: 1M
 Heap Min Capacity: 8M
 Heap Initial Capacity: 126M
 Heap Max Capacity: 2G
 Pre-touch: Disabled
 Parallel Workers: 8
 Concurrent Workers: 2
 Concurrent Refinement Workers: 8
 Periodic GC: Disabled
Heap:
 garbage-first heap   total 203776K, used 120967K [0x0000000080000000, 0x0000000100000000)
  region size 1024K, 7 young (7168K), 7 survivors (7168K)
 Metaspace       used 111895K, committed 112704K, reserved 1146880K
  class space    used 14981K, committed 15360K, reserved 1048576K
GC Heap History (20 events):
Event: 12.302 GC heap after
{Heap after GC invocations=43 (full 0):
 garbage-first heap   total 202752K, used 88865K [0x0000000080000000, 0x0000000100000000)
  region size 1024K, 2 young (2048K), 2 survivors (2048K)
 Metaspace       used 88572K, committed 89280K, reserved 1130496K
  class space    used 12042K, committed 12352K, reserved 1048576K
}
Event: 12.798 GC heap before
{Heap before GC invocations=43 (full 0):
 garbage-first heap   total 202752K, used 158497K [0x0000000080000000, 0x0000000100000000)
  region size 1024K, 71 young (72704K), 2 survivors (2048K)
 Metaspace       used 89122K, committed 89792K, reserved 1130496K
  class space    used 12079K, committed 12416K, reserved 1048576K
}
Event: 12.805 GC heap after
{Heap after GC invocations=44 (full 0):
 garbage-first heap   total 202752K, used 92219K [0x0000000080000000, 0x0000000100000000)
  region size 1024K, 5 young (5120K), 5 survivors (5120K)
 Metaspace       used 89122K, committed 89792K, reserved 1130496K
  class space    used 12079K, committed 12416K, reserved 1048576K
}
Event: 25.125 GC heap before
{Heap before GC invocations=44 (full 0):
 garbage-first heap   total 202752K, used 160827K [0x0000000080000000, 0x0000000100000000)
  region size 1024K, 73 young (74752K), 5 survivors (5120K)
 Metaspace       used 93611K, committed 94336K, reserved 1130496K
  class space    used 12455K, committed 12800K, reserved 1048576K
}
Event: 25.134 GC heap after
{Heap after GC invocations=45 (full 0):
 garbage-first heap   total 202752K, used 98183K [0x0000000080000000, 0x0000000100000000)
  region size 1024K, 10 young (10240K), 10 survivors (10240K)
 Metaspace       used 93611K, committed 94336K, reserved 1130496K
  class space    used 12455K, committed 12800K, reserved 1048576K
}
Event: 26.100 GC heap before
{Heap before GC invocations=45 (full 0):
 garbage-first heap   total 202752K, used 162695K [0x0000000080000000, 0x0000000100000000)
  region size 1024K, 74 young (75776K), 10 survivors (10240K)
 Metaspace       used 94558K, committed 95296K, reserved 1138688K
  class space    used 12529K, committed 12864K, reserved 1048576K
}
Event: 26.116 GC heap after
{Heap after GC invocations=46 (full 0):
 garbage-first heap   total 202752K, used 104290K [0x0000000080000000, 0x0000000100000000)
  region size 1024K, 7 young (7168K), 7 survivors (7168K)
 Metaspace       used 94558K, committed 95296K, reserved 1138688K
  class space    used 12529K, committed 12864K, reserved 1048576K
}
Event: 26.904 GC heap before
{Heap before GC invocations=46 (full 0):
 garbage-first heap   total 202752K, used 155490K [0x0000000080000000, 0x0000000100000000)
  region size 1024K, 59 young (60416K), 7 survivors (7168K)
 Metaspace       used 101371K, committed 102016K, reserved 1138688K
  class space    used 13410K, committed 13696K, reserved 1048576K
}
Event: 26.911 GC heap after
{Heap after GC invocations=47 (full 0):
 garbage-first heap   total 202752K, used 108031K [0x0000000080000000, 0x0000000100000000)
  region size 1024K, 4 young (4096K), 4 survivors (4096K)
 Metaspace       used 101371K, committed 102016K, reserved 1138688K
  class space    used 13410K, committed 13696K, reserved 1048576K
}
Event: 27.756 GC heap before
{Heap before GC invocations=48 (full 0):
 garbage-first heap   total 203776K, used 167423K [0x0000000080000000, 0x0000000100000000)
  region size 1024K, 61 young (62464K), 4 survivors (4096K)
 Metaspace       used 103833K, committed 104512K, reserved 1146880K
  class space    used 13728K, committed 14016K, reserved 1048576K
}
Event: 27.762 GC heap after
{Heap after GC invocations=49 (full 0):
 garbage-first heap   total 203776K, used 112640K [0x0000000080000000, 0x0000000100000000)
  region size 1024K, 6 young (6144K), 6 survivors (6144K)
 Metaspace       used 103833K, committed 104512K, reserved 1146880K
  class space    used 13728K, committed 14016K, reserved 1048576K
}
Event: 27.779 GC heap before
{Heap before GC invocations=49 (full 0):
 garbage-first heap   total 203776K, used 114688K [0x0000000080000000, 0x0000000100000000)
  region size 1024K, 9 young (9216K), 6 survivors (6144K)
 Metaspace       used 103844K, committed 104576K, reserved 1146880K
  class space    used 13728K, committed 14016K, reserved 1048576K
}
Event: 27.792 GC heap after
{Heap after GC invocations=50 (full 0):
 garbage-first heap   total 203776K, used 108340K [0x0000000080000000, 0x0000000100000000)
  region size 1024K, 1 young (1024K), 1 survivors (1024K)
 Metaspace       used 103844K, committed 104576K, reserved 1146880K
  class space    used 13728K, committed 14016K, reserved 1048576K
}
Event: 28.116 GC heap before
{Heap before GC invocations=50 (full 0):
 garbage-first heap   total 203776K, used 167732K [0x0000000080000000, 0x0000000100000000)
  region size 1024K, 60 young (61440K), 1 survivors (1024K)
 Metaspace       used 103879K, committed 104576K, reserved 1146880K
  class space    used 13728K, committed 14016K, reserved 1048576K
}
Event: 28.118 GC heap after
{Heap after GC invocations=51 (full 0):
 garbage-first heap   total 203776K, used 108611K [0x0000000080000000, 0x0000000100000000)
  region size 1024K, 2 young (2048K), 2 survivors (2048K)
 Metaspace       used 103879K, committed 104576K, reserved 1146880K
  class space    used 13728K, committed 14016K, reserved 1048576K
}
Event: 28.816 GC heap before
{Heap before GC invocations=52 (full 0):
 garbage-first heap   total 203776K, used 169027K [0x0000000080000000, 0x0000000100000000)
  region size 1024K, 62 young (63488K), 2 survivors (2048K)
 Metaspace       used 106885K, committed 107712K, reserved 1146880K
  class space    used 14197K, committed 14592K, reserved 1048576K
}
Event: 28.822 GC heap after
{Heap after GC invocations=53 (full 0):
 garbage-first heap   total 203776K, used 115308K [0x0000000080000000, 0x0000000100000000)
  region size 1024K, 8 young (8192K), 8 survivors (8192K)
 Metaspace       used 106885K, committed 107712K, reserved 1146880K
  class space    used 14197K, committed 14592K, reserved 1048576K
}
Event: 28.835 GC heap before
{Heap before GC invocations=53 (full 0):
 garbage-first heap   total 203776K, used 116332K [0x0000000080000000, 0x0000000100000000)
  region size 1024K, 9 young (9216K), 8 survivors (8192K)
 Metaspace       used 107058K, committed 107840K, reserved 1146880K
  class space    used 14225K, committed 14592K, reserved 1048576K
}
Event: 28.843 GC heap after
{Heap after GC invocations=54 (full 0):
 garbage-first heap   total 203776K, used 113759K [0x0000000080000000, 0x0000000100000000)
  region size 1024K, 1 young (1024K), 1 survivors (1024K)
 Metaspace       used 107058K, committed 107840K, reserved 1146880K
  class space    used 14225K, committed 14592K, reserved 1048576K
}
Event: 29.216 GC heap before
{Heap before GC invocations=54 (full 0):
 garbage-first heap   total 203776K, used 168031K [0x0000000080000000, 0x0000000100000000)
  region size 1024K, 55 young (56320K), 1 survivors (1024K)
 Metaspace       used 111895K, committed 112704K, reserved 1146880K
  class space    used 14981K, committed 15360K, reserved 1048576K
}

